<?xml version="1.0" encoding="UTF-8"?>
<testng-results ignored="0" total="1" passed="0" failed="1" skipped="0">
  <reporter-output>
  </reporter-output>
  <suite started-at="2022-06-30T09:05:56 IST" name="Suite" finished-at="2022-06-30T09:06:00 IST" duration-ms="3966">
    <groups>
    </groups>
    <test started-at="2022-06-30T09:05:56 IST" name="Test" finished-at="2022-06-30T09:06:00 IST" duration-ms="3966">
      <class name="com.automation.todo.negative.HtmlInjectionValidation">
        <test-method is-config="true" signature="oneTimeSetup()[pri:0, instance:com.automation.todo.negative.HtmlInjectionValidation@5b07730f]" started-at="2022-06-30T09:05:56 IST" name="oneTimeSetup" finished-at="2022-06-30T09:05:56 IST" duration-ms="12" status="PASS">
          <reporter-output>
          </reporter-output>
        </test-method> <!-- oneTimeSetup -->
        <test-method is-config="true" signature="initDriver(java.lang.String)[pri:0, instance:com.automation.todo.negative.HtmlInjectionValidation@5b07730f]" started-at="2022-06-30T09:05:56 IST" name="initDriver" finished-at="2022-06-30T09:05:59 IST" duration-ms="2368" status="PASS">
          <params>
            <param index="0">
              <value>
                <![CDATA[Chrome]]>
              </value>
            </param>
          </params>
          <reporter-output>
          </reporter-output>
        </test-method> <!-- initDriver -->
        <test-method is-config="true" signature="preTestExecution()[pri:0, instance:com.automation.todo.negative.HtmlInjectionValidation@5b07730f]" started-at="2022-06-30T09:05:59 IST" name="preTestExecution" finished-at="2022-06-30T09:05:59 IST" duration-ms="46" status="PASS">
          <reporter-output>
          </reporter-output>
        </test-method> <!-- preTestExecution -->
        <test-method signature="HtmlInjectionValidationTest()[pri:0, instance:com.automation.todo.negative.HtmlInjectionValidation@5b07730f]" started-at="2022-06-30T09:05:59 IST" name="HtmlInjectionValidationTest" finished-at="2022-06-30T09:06:00 IST" duration-ms="1522" status="FAIL">
          <exception class="java.lang.AssertionError">
            <message>
              <![CDATA[Input field allows HTML tags expected [false] but found [true]]]>
            </message>
            <full-stacktrace>
              <![CDATA[java.lang.AssertionError: Input field allows HTML tags expected [false] but found [true]
at org.testng.Assert.fail(Assert.java:99)
at org.testng.Assert.failNotEquals(Assert.java:1037)
at org.testng.Assert.assertEqualsImpl(Assert.java:140)
at org.testng.Assert.assertEquals(Assert.java:122)
at org.testng.Assert.assertEquals(Assert.java:819)
at com.automation.todo.negative.HtmlInjectionValidation.HtmlInjectionValidationTest(HtmlInjectionValidation.java:58)
at java.base/jdk.internal.reflect.NativeMethodAccessorImpl.invoke0(Native Method)
at java.base/jdk.internal.reflect.NativeMethodAccessorImpl.invoke(NativeMethodAccessorImpl.java:78)
at java.base/jdk.internal.reflect.DelegatingMethodAccessorImpl.invoke(DelegatingMethodAccessorImpl.java:43)
at java.base/java.lang.reflect.Method.invoke(Method.java:567)
at org.testng.internal.MethodInvocationHelper.invokeMethod(MethodInvocationHelper.java:133)
at org.testng.internal.TestInvoker.invokeMethod(TestInvoker.java:598)
at org.testng.internal.TestInvoker.invokeTestMethod(TestInvoker.java:173)
at org.testng.internal.MethodRunner.runInSequence(MethodRunner.java:46)
at org.testng.internal.TestInvoker$MethodInvocationAgent.invoke(TestInvoker.java:824)
at org.testng.internal.TestInvoker.invokeTestMethods(TestInvoker.java:146)
at org.testng.internal.TestMethodWorker.invokeTestMethods(TestMethodWorker.java:146)
at org.testng.internal.TestMethodWorker.run(TestMethodWorker.java:128)
at java.base/java.util.ArrayList.forEach(ArrayList.java:1511)
at org.testng.TestRunner.privateRun(TestRunner.java:794)
at org.testng.TestRunner.run(TestRunner.java:596)
at org.testng.SuiteRunner.runTest(SuiteRunner.java:377)
at org.testng.SuiteRunner.runSequentially(SuiteRunner.java:371)
at org.testng.SuiteRunner.privateRun(SuiteRunner.java:332)
at org.testng.SuiteRunner.run(SuiteRunner.java:276)
at org.testng.SuiteRunnerWorker.runSuite(SuiteRunnerWorker.java:53)
at org.testng.SuiteRunnerWorker.run(SuiteRunnerWorker.java:96)
at org.testng.TestNG.runSuitesSequentially(TestNG.java:1212)
at org.testng.TestNG.runSuitesLocally(TestNG.java:1134)
at org.testng.TestNG.runSuites(TestNG.java:1063)
at org.testng.TestNG.run(TestNG.java:1031)
at org.testng.remote.AbstractRemoteTestNG.run(AbstractRemoteTestNG.java:115)
at org.testng.remote.RemoteTestNG.initAndRun(RemoteTestNG.java:251)
at org.testng.remote.RemoteTestNG.main(RemoteTestNG.java:77)
]]>
            </full-stacktrace>
          </exception> <!-- java.lang.AssertionError -->
          <reporter-output>
          </reporter-output>
        </test-method> <!-- HtmlInjectionValidationTest -->
        <test-method is-config="true" signature="cleanUp()[pri:0, instance:com.automation.todo.negative.HtmlInjectionValidation@5b07730f]" started-at="2022-06-30T09:06:00 IST" name="cleanUp" finished-at="2022-06-30T09:06:00 IST" duration-ms="1" status="PASS">
          <reporter-output>
          </reporter-output>
        </test-method> <!-- cleanUp -->
      </class> <!-- com.automation.todo.negative.HtmlInjectionValidation -->
    </test> <!-- Test -->
  </suite> <!-- Suite -->
</testng-results>
